Console output Build #1
Started by user Devasena
Running as SYSTEM
Building in workspace /var/lib/jenkins/workspace/package1
The recommended git tool is: NONE
No credentials specified
Cloning the remote Git repository
Cloning repository https://github.com/lerndevops/samplejavaapp
 > git init /var/lib/jenkins/workspace/package1 # timeout=10
Fetching upstream changes from https://github.com/lerndevops/samplejavaapp
 > git --version # timeout=10
 > git --version # 'git version 2.30.2'
 > git fetch --tags --force --progress -- https://github.com/lerndevops/samplejavaapp +refs/heads/*:refs/remotes/origin/* # timeout=10
 > git config remote.origin.url https://github.com/lerndevops/samplejavaapp # timeout=10
 > git config --add remote.origin.fetch +refs/heads/*:refs/remotes/origin/* # timeout=10
Avoid second fetch
 > git rev-parse refs/remotes/origin/master^{commit} # timeout=10
Checking out Revision b0b33e673d1ef438319b8d08a7b0d4afa9530431 (refs/remotes/origin/master)
 > git config core.sparsecheckout # timeout=10
 > git checkout -f b0b33e673d1ef438319b8d08a7b0d4afa9530431 # timeout=10
Commit message: "Update README.md"
First time build. Skipping changelog.
[package1] $ /opt/apache-maven-3.6.3/bin/mvn package1
[INFO] Scanning for projects...
[WARNING] 
[WARNING] Some problems were encountered while building the effective model for com.devopsdemo.tutorial:sampleapp:war:2.0
[WARNING] Reporting configuration should be done in <reporting> section, not in maven-site-plugin <configuration> as reportPlugins parameter. @ line 298, column 40
[WARNING] 
[WARNING] It is highly recommended to fix these problems because they threaten the stability of your build.
[WARNING] 
[WARNING] For this reason, future Maven versions might no longer support building such malformed projects.
[WARNING] 
[INFO] 
[INFO] -----------------< com.devopsdemo.tutorial:sampleapp >------------------
[INFO] Building Vaadin Sampleapp example 2.0
[INFO] --------------------------------[ war ]---------------------------------
[INFO] ------------------------------------------------------------------------
[INFO] BUILD FAILURE
[INFO] ------------------------------------------------------------------------
[INFO] Total time:  0.257 s
[INFO] Finished at: 2021-03-16T14:00:59Z
[INFO] ------------------------------------------------------------------------
[ERROR] Unknown lifecycle phase "package1". You must specify a valid lifecycle phase or a goal in the format <plugin-prefix>:<goal> or <plugin-group-id>:<plugin-artifact-id>[:<plugin-version>]:<goal>. Available lifecycle phases are: validate, initialize, generate-sources, process-sources, generate-resources, process-resources, compile, process-classes, generate-test-sources, process-test-sources, generate-test-resources, process-test-resources, test-compile, process-test-classes, test, prepare-package, package, pre-integration-test, integration-test, post-integration-test, verify, install, deploy, pre-clean, clean, post-clean, pre-site, site, post-site, site-deploy. -> [Help 1]
[ERROR] 
[ERROR] To see the full stack trace of the errors, re-run Maven with the -e switch.
[ERROR] Re-run Maven using the -X switch to enable full debug logging.
[ERROR] 
[ERROR] For more information about the errors and possible solutions, please read the following articles:
[ERROR] [Help 1] http://cwiki.apache.org/confluence/display/MAVEN/LifecyclePhaseNotFoundException
Build step 'Invoke top-level Maven targets' marked build as failure
Finished: FAILURE
